{
  "stats": {
    "suites": 1,
    "tests": 2,
    "passes": 2,
    "pending": 0,
    "failures": 0,
    "start": "2022-06-08T11:34:53.538Z",
    "end": "2022-06-08T11:35:48.536Z",
    "duration": 54998,
    "testsRegistered": 2,
    "passPercent": 100,
    "pendingPercent": 0,
    "other": 0,
    "hasOther": false,
    "skipped": 0,
    "hasSkipped": false
  },
  "results": [
    {
      "uuid": "23d1a1f0-4cff-4f79-a98f-0e996b45128f",
      "title": "",
      "fullFile": "cypress/integration/TC_VerifyCreatedUserData.js",
      "file": "cypress/integration/TC_VerifyCreatedUserData.js",
      "beforeHooks": [],
      "afterHooks": [],
      "tests": [],
      "suites": [
        {
          "uuid": "332fd41e-c4f0-427c-8904-37ef368f99dc",
          "title": "Cypress POM Test Suite",
          "fullFile": "",
          "file": "",
          "beforeHooks": [],
          "afterHooks": [],
          "tests": [
            {
              "title": "AM Login",
              "fullTitle": "Cypress POM Test Suite AM Login",
              "timedOut": null,
              "duration": 11410,
              "state": "passed",
              "speed": "slow",
              "pass": true,
              "fail": false,
              "pending": false,
              "context": null,
              "code": "loginPage.navigate(myGlobalVar);\nloginPage.enterUsername().type(this.testdata.Username);\nloginPage.enterPassword().type(this.testdata.Password);\nloginPage.clickOnLogin().click();",
              "err": {},
              "uuid": "fa2d4651-b865-4363-8ad1-dbc7342a4f19",
              "parentUUID": "332fd41e-c4f0-427c-8904-37ef368f99dc",
              "isHook": false,
              "skipped": false
            },
            {
              "title": "Verify individual fields of an Admin User",
              "fullTitle": "Cypress POM Test Suite Verify individual fields of an Admin User",
              "timedOut": null,
              "duration": 40963,
              "state": "passed",
              "speed": "slow",
              "pass": true,
              "fail": false,
              "pending": false,
              "context": null,
              "code": "cy.wait(4000);\nobjVerifyUser.ClickOnUsersTab().click();\nobjVerifyUser.SearchUser().clear();\nobjVerifyUser.SearchUser().type('MJ Admin');\ncy.wait(2000);\nobjVerifyUser.SearchList().each($el => {\n  if ($el.text() === 'Mj  Admin') {\n    // stop iteration\n    console.log(\"User found: \" + $el.text());\n    objVerifyUser.SearchedFullUsername().click();\n    return false;\n  }\n});\ncy.wait(4000);\nobjVerifyUser.UserType().should('have.value', 'Admin'); //user type\ncy.wait(2000);\nobjVerifyUser.UserEnabled().should('have.value', 'Yes');\ncy.wait(2000);\nobjVerifyUser.FirstName().should('have.value', 'Mj');\ncy.wait(2000);\nobjVerifyUser.AppSessionHours().should('have.value', '8');\nobjVerifyUser.MiddleName().should('not.contain.text');\nobjVerifyUser.LastName().should('have.value', 'Admin');\ncy.wait(2000);\nobjVerifyUser.CanEnrollKAS().should('have.value', 'Yes');\nobjVerifyUser.EmployeeID().should('have.value', 'mru123');\ncy.wait(2000);\nobjVerifyUser.ManageDevices().should('have.value', 'Yes');\ncy.wait(2000);\nobjVerifyUser.UserPin().should('have.value', '•••••');\ncy.wait(2000);\nobjVerifyUser.RemoteOperation().should('have.value', 'Yes');\nobjVerifyUser.SelectLevelofAccess().should('have.text', 'No Site Selected');\ncy.wait(2000);\nobjVerifyUser.ScrolltoRoles().scrollIntoView().should('be.visible');\ncy.wait(2000);\nobjVerifyUser.VeryRolesAddedOne().should('have.text', 'Access New Devices');\ncy.wait(2000);\nobjVerifyUser.VerifyRolesAddedTwo().should('have.text', 'MJ Role');\nobjVerifyUser.ClickOnButton().click();\ncy.wait(2000);",
              "err": {},
              "uuid": "9c901eed-cac7-420b-af4a-42fa0062e8e7",
              "parentUUID": "332fd41e-c4f0-427c-8904-37ef368f99dc",
              "isHook": false,
              "skipped": false
            }
          ],
          "suites": [],
          "passes": [
            "fa2d4651-b865-4363-8ad1-dbc7342a4f19",
            "9c901eed-cac7-420b-af4a-42fa0062e8e7"
          ],
          "failures": [],
          "pending": [],
          "skipped": [],
          "duration": 52373,
          "root": false,
          "rootEmpty": false,
          "_timeout": 2000
        }
      ],
      "passes": [],
      "failures": [],
      "pending": [],
      "skipped": [],
      "duration": 0,
      "root": true,
      "rootEmpty": true,
      "_timeout": 2000
    }
  ],
  "meta": {
    "mocha": {
      "version": "7.0.1"
    },
    "mochawesome": {
      "options": {
        "quiet": false,
        "reportFilename": "mochawesome",
        "saveHtml": true,
        "saveJson": true,
        "consoleReporter": "spec",
        "useInlineDiffs": false,
        "code": true
      },
      "version": "7.1.3"
    },
    "marge": {
      "options": {
        "charts": true,
        "overwrite": true,
        "html": true,
        "json": true,
        "reportDir": "cypress/report/mochawesome-report",
        "inlineAssets": true,
        "video": "false",
        "testFiles": [
          "TC_Login.js",
          "TC_AddNewUser.js",
          "TC_VerifyCreatedUserData.js",
          "TC_DeleteUser.js"
        ]
      },
      "version": "6.2.0"
    }
  }
}